#
# An unexpected error has been detected by HotSpot Virtual Machine:
#
#  EXCEPTION_ACCESS_VIOLATION (0xc0000005) at pc=0x77d8ff45, pid=10824, tid=5428
#
# Java VM: Java HotSpot(TM) Client VM (1.5.0-b64 mixed mode, sharing)
# Problematic frame:
# C  [ntdll.dll+0x3ff45]
#

---------------  T H R E A D  ---------------

Current thread (0x04490e90):  JavaThread "AWT-EventQueue-0" [_thread_in_native, id=5428]

siginfo: ExceptionCode=0xc0000005, writing address 0x00000008

Registers:
EAX=0x00000008, EBX=0x00000000, ECX=0x00000004, EDX=0x00243000
ESP=0x0babf4f0, EBP=0x0babf4f0, ESI=0x175802d8, EDI=0x00000000
EIP=0x77d8ff45, EFLAGS=0x00010206

Top of Stack: (sp=0x0babf4f0)
0x0babf4f0:   0babf54c 0bdb630a 00000004 00000000
0x0babf500:   175802d8 0bdb62c2 175802d8 0be07dce
0x0babf510:   b70e6ddb 175802d8 00000000 0babf588
0x0babf520:   007b0000 00000000 0babf588 04490e90
0x0babf530:   175802d8 0babf510 0babee84 0babfc94
0x0babf540:   0bdbaf00 b745463f fffffffe 0babf568
0x0babf550:   0be08fe0 00000003 044a5c08 04490f4c
0x0babf560:   281bfa98 ffffffff 0babf580 0bd711da 

Instructions: (pc=0x77d8ff45)
0x77d8ff35:   83 e4 f8 8b 4d 08 64 8b 15 18 00 00 00 8d 41 04
0x77d8ff45:   f0 0f ba 30 00 73 15 8b 42 24 89 41 0c 33 c0 c7 


Stack: [0x0ba80000,0x0bac0000),  sp=0x0babf4f0,  free space=253k
Native frames: (J=compiled Java code, j=interpreted, Vv=VM code, C=native code)
C  [ntdll.dll+0x3ff45]
C  [ODBC32.dll+0x3630a]
C  [ODBC32.dll+0x88fe0]
C  [JdbcOdbc.dll+0x11da]
j  sun.jdbc.odbc.JdbcOdbc.allocStmt(J[B)J+0
j  sun.jdbc.odbc.JdbcOdbc.SQLAllocStmt(J)J+47
j  sun.jdbc.odbc.JdbcOdbcConnection.createStatement(II)Ljava/sql/Statement;+27
j  sun.jdbc.odbc.JdbcOdbcConnection.createStatement()Ljava/sql/Statement;+7
j  stock.actionPerformed(Ljava/awt/event/ActionEvent;)V+171
j  javax.swing.AbstractButton.fireActionPerformed(Ljava/awt/event/ActionEvent;)V+84
j  javax.swing.AbstractButton$Handler.actionPerformed(Ljava/awt/event/ActionEvent;)V+5
j  javax.swing.DefaultButtonModel.fireActionPerformed(Ljava/awt/event/ActionEvent;)V+35
j  javax.swing.DefaultButtonModel.setPressed(Z)V+117
j  javax.swing.plaf.basic.BasicButtonListener.mouseReleased(Ljava/awt/event/MouseEvent;)V+35
j  java.awt.Component.processMouseEvent(Ljava/awt/event/MouseEvent;)V+64
j  javax.swing.JComponent.processMouseEvent(Ljava/awt/event/MouseEvent;)V+23
j  java.awt.Component.processEvent(Ljava/awt/AWTEvent;)V+81
j  java.awt.Container.processEvent(Ljava/awt/AWTEvent;)V+18
j  java.awt.Component.dispatchEventImpl(Ljava/awt/AWTEvent;)V+477
j  java.awt.Container.dispatchEventImpl(Ljava/awt/AWTEvent;)V+42
J  java.awt.LightweightDispatcher.retargetMouseEvent(Ljava/awt/Component;ILjava/awt/event/MouseEvent;)V
j  java.awt.LightweightDispatcher.processMouseEvent(Ljava/awt/event/MouseEvent;)Z+139
j  java.awt.LightweightDispatcher.dispatchEvent(Ljava/awt/AWTEvent;)Z+50
j  java.awt.Container.dispatchEventImpl(Ljava/awt/AWTEvent;)V+12
j  java.awt.Window.dispatchEventImpl(Ljava/awt/AWTEvent;)V+19
j  java.awt.Component.dispatchEvent(Ljava/awt/AWTEvent;)V+2
j  java.awt.EventQueue.dispatchEvent(Ljava/awt/AWTEvent;)V+46
j  java.awt.EventDispatchThread.pumpOneEventForHierarchy(ILjava/awt/Component;)Z+200
j  java.awt.EventDispatchThread.pumpEventsForHierarchy(ILjava/awt/Conditional;Ljava/awt/Component;)V+26
j  java.awt.EventDispatchThread.pumpEvents(ILjava/awt/Conditional;)V+4
j  java.awt.EventDispatchThread.pumpEvents(Ljava/awt/Conditional;)V+3
j  java.awt.EventDispatchThread.run()V+9
v  ~StubRoutines::call_stub
V  [jvm.dll+0x8168d]
V  [jvm.dll+0xd4179]
V  [jvm.dll+0x8155e]
V  [jvm.dll+0x812bb]
V  [jvm.dll+0x9bbe9]
V  [jvm.dll+0xfe77f]
V  [jvm.dll+0xfe74d]
C  [msvcrt.dll+0x66cff]
C  [msvcrt.dll+0x66dc1]
C  [KERNEL32.DLL+0x1fcc9]
C  [ntdll.dll+0x67c6e]
C  [ntdll.dll+0x67c3e]

Java frames: (J=compiled Java code, j=interpreted, Vv=VM code)
j  sun.jdbc.odbc.JdbcOdbc.allocStmt(J[B)J+0
j  sun.jdbc.odbc.JdbcOdbc.SQLAllocStmt(J)J+47
j  sun.jdbc.odbc.JdbcOdbcConnection.createStatement(II)Ljava/sql/Statement;+27
j  sun.jdbc.odbc.JdbcOdbcConnection.createStatement()Ljava/sql/Statement;+7
j  stock.actionPerformed(Ljava/awt/event/ActionEvent;)V+171
j  javax.swing.AbstractButton.fireActionPerformed(Ljava/awt/event/ActionEvent;)V+84
j  javax.swing.AbstractButton$Handler.actionPerformed(Ljava/awt/event/ActionEvent;)V+5
j  javax.swing.DefaultButtonModel.fireActionPerformed(Ljava/awt/event/ActionEvent;)V+35
j  javax.swing.DefaultButtonModel.setPressed(Z)V+117
j  javax.swing.plaf.basic.BasicButtonListener.mouseReleased(Ljava/awt/event/MouseEvent;)V+35
j  java.awt.Component.processMouseEvent(Ljava/awt/event/MouseEvent;)V+64
j  javax.swing.JComponent.processMouseEvent(Ljava/awt/event/MouseEvent;)V+23
j  java.awt.Component.processEvent(Ljava/awt/AWTEvent;)V+81
j  java.awt.Container.processEvent(Ljava/awt/AWTEvent;)V+18
j  java.awt.Component.dispatchEventImpl(Ljava/awt/AWTEvent;)V+477
j  java.awt.Container.dispatchEventImpl(Ljava/awt/AWTEvent;)V+42
J  java.awt.LightweightDispatcher.retargetMouseEvent(Ljava/awt/Component;ILjava/awt/event/MouseEvent;)V
j  java.awt.LightweightDispatcher.processMouseEvent(Ljava/awt/event/MouseEvent;)Z+139
j  java.awt.LightweightDispatcher.dispatchEvent(Ljava/awt/AWTEvent;)Z+50
j  java.awt.Container.dispatchEventImpl(Ljava/awt/AWTEvent;)V+12
j  java.awt.Window.dispatchEventImpl(Ljava/awt/AWTEvent;)V+19
j  java.awt.Component.dispatchEvent(Ljava/awt/AWTEvent;)V+2
j  java.awt.EventQueue.dispatchEvent(Ljava/awt/AWTEvent;)V+46
j  java.awt.EventDispatchThread.pumpOneEventForHierarchy(ILjava/awt/Component;)Z+200
j  java.awt.EventDispatchThread.pumpEventsForHierarchy(ILjava/awt/Conditional;Ljava/awt/Component;)V+26
j  java.awt.EventDispatchThread.pumpEvents(ILjava/awt/Conditional;)V+4
j  java.awt.EventDispatchThread.pumpEvents(Ljava/awt/Conditional;)V+3
j  java.awt.EventDispatchThread.run()V+9
v  ~StubRoutines::call_stub

---------------  P R O C E S S  ---------------

Java Threads: ( => current thread )
  0x17583b68 JavaThread "Image Fetcher 0" daemon [_thread_blocked, id=10516]
  0x04615eb8 JavaThread "TimerQueue" daemon [_thread_blocked, id=7964]
  0x007b6ec0 JavaThread "DestroyJavaVM" [_thread_blocked, id=9436]
=>0x04490e90 JavaThread "AWT-EventQueue-0" [_thread_in_native, id=5428]
  0x0448c910 JavaThread "AWT-Windows" daemon [_thread_in_native, id=6204]
  0x0448c790 JavaThread "AWT-Shutdown" [_thread_blocked, id=1460]
  0x0448a040 JavaThread "Java2D Disposer" daemon [_thread_blocked, id=5256]
  0x020b1800 JavaThread "Low Memory Detector" daemon [_thread_blocked, id=10160]
  0x020afe28 JavaThread "CompilerThread0" daemon [_thread_blocked, id=4288]
  0x020af1c8 JavaThread "Signal Dispatcher" daemon [_thread_blocked, id=7812]
  0x020aa5d0 JavaThread "Finalizer" daemon [_thread_blocked, id=5384]
  0x020a9a30 JavaThread "Reference Handler" daemon [_thread_blocked, id=1316]

Other Threads:
  0x020a6968 VMThread [id=8580]
  0x020b0838 WatcherThread [id=8048]

VM state:not at safepoint (normal execution)

VM Mutex/Monitor currently owned by a thread: None

Heap
 def new generation   total 576K, used 282K [0x24190000, 0x24230000, 0x24670000)
  eden space 512K,  44% used [0x24190000, 0x241c9160, 0x24210000)
  from space 64K,  85% used [0x24220000, 0x2422da10, 0x24230000)
  to   space 64K,   0% used [0x24210000, 0x24210000, 0x24220000)
 tenured generation   total 1408K, used 891K [0x24670000, 0x247d0000, 0x28190000)
   the space 1408K,  63% used [0x24670000, 0x2474ee78, 0x2474f000, 0x247d0000)
 compacting perm gen  total 8192K, used 680K [0x28190000, 0x28990000, 0x2c190000)
   the space 8192K,   8% used [0x28190000, 0x2823a120, 0x2823a200, 0x28990000)
    ro space 8192K,  66% used [0x2c190000, 0x2c6e7960, 0x2c6e7a00, 0x2c990000)
    rw space 12288K,  46% used [0x2c990000, 0x2cf243a8, 0x2cf24400, 0x2d590000)

Dynamic libraries:
0x00400000 - 0x0040c000 	d:\Java\jdk1.5.0\bin\java.exe
0x77d50000 - 0x77ef4000 	C:\Windows\SYSTEM32\ntdll.dll
0x77530000 - 0x77620000 	C:\Windows\System32\KERNEL32.DLL
0x76920000 - 0x76b5a000 	C:\Windows\System32\KERNELBASE.dll
0x73aa0000 - 0x73b3f000 	C:\Windows\SYSTEM32\apphelp.dll
0x76840000 - 0x768bb000 	C:\Windows\System32\ADVAPI32.dll
0x76fe0000 - 0x7709f000 	C:\Windows\System32\msvcrt.dll
0x76c10000 - 0x76c86000 	C:\Windows\System32\sechost.dll
0x76230000 - 0x762ef000 	C:\Windows\System32\RPCRT4.dll
0x6d640000 - 0x6d7c5000 	d:\Java\jdk1.5.0\jre\bin\client\jvm.dll
0x75c10000 - 0x75dac000 	C:\Windows\System32\USER32.dll
0x76c90000 - 0x76ca8000 	C:\Windows\System32\win32u.dll
0x75fc0000 - 0x75fe4000 	C:\Windows\System32\GDI32.dll
0x77c50000 - 0x77d38000 	C:\Windows\System32\gdi32full.dll
0x76df0000 - 0x76e6b000 	C:\Windows\System32\msvcp_win.dll
0x760b0000 - 0x761d0000 	C:\Windows\System32\ucrtbase.dll
0x74e80000 - 0x74ea8000 	C:\Windows\SYSTEM32\WINMM.dll
0x771d0000 - 0x771f5000 	C:\Windows\System32\IMM32.DLL
0x6d280000 - 0x6d288000 	d:\Java\jdk1.5.0\jre\bin\hpi.dll
0x76830000 - 0x76836000 	C:\Windows\System32\PSAPI.DLL
0x6d610000 - 0x6d61c000 	d:\Java\jdk1.5.0\jre\bin\verify.dll
0x6d300000 - 0x6d31d000 	d:\Java\jdk1.5.0\jre\bin\java.dll
0x6d630000 - 0x6d63f000 	d:\Java\jdk1.5.0\jre\bin\zip.dll
0x6d000000 - 0x6d166000 	D:\Java\jdk1.5.0\jre\bin\awt.dll
0x770e0000 - 0x771c3000 	C:\Windows\System32\ole32.dll
0x772b0000 - 0x77530000 	C:\Windows\System32\combase.dll
0x74d40000 - 0x74db6000 	C:\Windows\SYSTEM32\WINSPOOL.DRV
0x75e80000 - 0x75f07000 	C:\Windows\System32\shcore.dll
0x73f00000 - 0x74153000 	C:\Windows\SYSTEM32\AcGenral.DLL
0x75db0000 - 0x75df5000 	C:\Windows\System32\SHLWAPI.dll
0x76b70000 - 0x76c06000 	C:\Windows\System32\OLEAUT32.dll
0x77690000 - 0x77c47000 	C:\Windows\System32\SHELL32.dll
0x73c20000 - 0x73c94000 	C:\Windows\SYSTEM32\UxTheme.dll
0x74e60000 - 0x74e75000 	C:\Windows\SYSTEM32\samcli.dll
0x74710000 - 0x74718000 	C:\Windows\SYSTEM32\VERSION.dll
0x74e40000 - 0x74e59000 	C:\Windows\SYSTEM32\MSACM32.dll
0x74c00000 - 0x74c25000 	C:\Windows\SYSTEM32\USERENV.dll
0x74e10000 - 0x74e36000 	C:\Windows\SYSTEM32\dwmapi.dll
0x75120000 - 0x752c9000 	C:\Windows\SYSTEM32\urlmon.dll
0x74b70000 - 0x74b89000 	C:\Windows\SYSTEM32\MPR.dll
0x74de0000 - 0x74e01000 	C:\Windows\SYSTEM32\SspiCli.dll
0x74d20000 - 0x74d3d000 	C:\Windows\SYSTEM32\winmmbase.dll
0x74eb0000 - 0x750e6000 	C:\Windows\SYSTEM32\iertutil.dll
0x750f0000 - 0x750fb000 	C:\Windows\SYSTEM32\netutils.dll
0x75100000 - 0x7511e000 	C:\Windows\SYSTEM32\srvcli.dll
0x74c30000 - 0x74d19000 	C:\Windows\SYSTEM32\ddraw.dll
0x753e0000 - 0x753ef000 	C:\Windows\SYSTEM32\kernel.appcore.dll
0x74bf0000 - 0x74bf7000 	C:\Windows\SYSTEM32\DCIMAN32.dll
0x74610000 - 0x746d2000 	C:\Windows\SYSTEM32\dxgi.dll
0x73dc0000 - 0x73efc000 	C:\Windows\System32\DriverStore\FileRepository\iigd_dch.inf_amd64_4de65d949492707a\igdumdim32.dll
0x6ff70000 - 0x73a7c000 	C:\Windows\System32\DriverStore\FileRepository\iigd_dch.inf_amd64_4de65d949492707a\igd9dxva32.dll
0x763f0000 - 0x76828000 	C:\Windows\System32\SETUPAPI.dll
0x770a0000 - 0x770db000 	C:\Windows\System32\cfgmgr32.dll
0x75bf0000 - 0x75c09000 	C:\Windows\System32\bcrypt.dll
0x6fd00000 - 0x6ff65000 	C:\Windows\System32\DriverStore\FileRepository\iigd_dch.inf_amd64_4de65d949492707a\igdgmm32.dll
0x74bd0000 - 0x74bee000 	C:\Windows\System32\DriverStore\FileRepository\iigd_dch.inf_amd64_4de65d949492707a\igdinfo32.dll
0x08b90000 - 0x0b29a000 	C:\Windows\System32\DriverStore\FileRepository\iigd_dch.inf_amd64_4de65d949492707a\igc32.dll
0x745e0000 - 0x7460c000 	C:\Windows\SYSTEM32\dxcore.dll
0x74570000 - 0x745d3000 	C:\Windows\SYSTEM32\D3DIM700.DLL
0x6d240000 - 0x6d27d000 	D:\Java\jdk1.5.0\jre\bin\fontmanager.dll
0x76d10000 - 0x76de4000 	C:\Windows\System32\MSCTF.dll
0x768c0000 - 0x7691f000 	C:\Windows\System32\bcryptPrimitives.dll
0x73d00000 - 0x73dba000 	C:\Windows\SYSTEM32\textinputframework.dll
0x6d370000 - 0x6d5ef000 	C:\Windows\System32\CoreUIComponents.dll
0x75a60000 - 0x75a89000 	C:\Windows\SYSTEM32\ntmarta.dll
0x0bb40000 - 0x0bbdb000 	C:\Windows\System32\CoreMessaging.dll
0x77620000 - 0x77683000 	C:\Windows\System32\WS2_32.dll
0x0bbe0000 - 0x0bcbc000 	C:\Windows\SYSTEM32\wintypes.dll
0x0bd40000 - 0x0bd53000 	D:\Java\jdk1.5.0\jre\bin\net.dll
0x74510000 - 0x74562000 	C:\Windows\system32\mswsock.dll
0x0bd60000 - 0x0bd69000 	D:\Java\jdk1.5.0\jre\bin\nio.dll
0x0bd70000 - 0x0bd7d000 	D:\Java\jdk1.5.0\jre\bin\JdbcOdbc.dll
0x0bd80000 - 0x0be21000 	C:\Windows\SYSTEM32\ODBC32.dll
0x762f0000 - 0x763ef000 	C:\Windows\System32\CRYPT32.dll
0x74bc0000 - 0x74bc8000 	C:\Windows\SYSTEM32\DPAPI.DLL
0x744f0000 - 0x74505000 	C:\Windows\SYSTEM32\VCRUNTIME140.dll
0x73c10000 - 0x73c1a000 	C:\Windows\SYSTEM32\CRYPTBASE.DLL
0x0cb50000 - 0x0cd25000 	C:\Program Files (x86)\Common Files\Microsoft Shared\Office16\mso20win32client.dll
0x6ce60000 - 0x6cecd000 	C:\Windows\SYSTEM32\MSVCP140.dll
0x6cb50000 - 0x6ce52000 	C:\Program Files (x86)\Common Files\Microsoft Shared\Office16\mso30win32client.dll
0x6c430000 - 0x6cb45000 	C:\Program Files (x86)\Common Files\Microsoft Shared\Office16\mso40uiwin32client.dll
0x6c2c0000 - 0x6c427000 	C:\Windows\WinSxS\x86_microsoft.windows.gdiplus_6595b64144ccf1df_1.1.19041.3570_none_d95353f5e10286ee\gdiplus.dll
0x6bd20000 - 0x6c2b8000 	C:\Program Files (x86)\Common Files\Microsoft Shared\Office16\mso99Lwin32client.dll
0x74bb0000 - 0x74bb6000 	C:\Windows\SYSTEM32\MSIMG32.dll
0x6bd00000 - 0x6bd1f000 	C:\Windows\SYSTEM32\SLC.dll
0x6bce0000 - 0x6bcfc000 	C:\Windows\SYSTEM32\sppc.dll
0x6af20000 - 0x6bcd2000 	C:\Program Files (x86)\Common Files\Microsoft Shared\Office16\mso.dll
0x6ac80000 - 0x6af19000 	C:\Windows\SYSTEM32\msi.dll
0x6aa70000 - 0x6ac80000 	C:\Windows\WinSxS\x86_microsoft.windows.common-controls_6595b64144ccf1df_6.0.19041.3570_none_a868611086700d20\Comctl32.dll
0x6aa40000 - 0x6aa65000 	C:\Windows\SYSTEM32\srpapi.dll
0x6a890000 - 0x6aa40000 	C:\Program Files (x86)\Common Files\Microsoft Shared\OFFICE16\ACECORE.DLL
0x6a370000 - 0x6a885000 	C:\Windows\SYSTEM32\d2d1.dll
0x746e0000 - 0x746ef000 	C:\Windows\SYSTEM32\WTSAPI32.dll
0x73bc0000 - 0x73c07000 	C:\Windows\SYSTEM32\WINSTA.dll
0x6a160000 - 0x6a36c000 	C:\Windows\SYSTEM32\DWrite.dll
0x6a130000 - 0x6a159000 	C:\Windows\SYSTEM32\d3d10_1.dll
0x6a120000 - 0x6a12c000 	C:\Windows\SYSTEM32\d3d10_1core.dll
0x69f40000 - 0x6a120000 	C:\Windows\SYSTEM32\d3d11.dll
0x68ad0000 - 0x68ae9000 	C:\Windows\SYSTEM32\davclnt.dll
0x68ac0000 - 0x68aca000 	C:\Windows\SYSTEM32\DAVHLPR.dll
0x75440000 - 0x75a53000 	C:\Windows\SYSTEM32\windows.storage.dll
0x75410000 - 0x75434000 	C:\Windows\SYSTEM32\Wldp.dll
0x752f0000 - 0x7530c000 	C:\Windows\SYSTEM32\profapi.dll
0x689e0000 - 0x68ab3000 	C:\Program Files (x86)\Common Files\Microsoft Shared\OFFICE16\1033\ACEWSTR.DLL
0x68940000 - 0x689de000 	C:\Program Files (x86)\Common Files\Microsoft Shared\OFFICE16\ACEES.DLL
0x68930000 - 0x68936000 	C:\Program Files (x86)\Common Files\Microsoft Shared\OFFICE16\VBAJET32.DLL
0x68870000 - 0x6892f000 	C:\Windows\SYSTEM32\MSVCR100.dll
0x68810000 - 0x68864000 	C:\Program Files (x86)\Common Files\Microsoft Shared\OFFICE16\expsrv.dll
0x75e00000 - 0x75e7e000 	C:\Windows\System32\clbcatq.dll
0x73cc0000 - 0x73cf1000 	C:\Windows\system32\dataexchange.dll
0x69dd0000 - 0x69f34000 	C:\Windows\system32\dcomp.dll
0x69c30000 - 0x69dc4000 	C:\Windows\system32\twinapi.appcore.dll
0x0cf20000 - 0x0cf67000 	C:\PROGRA~2\COMMON~1\MICROS~1\OFFICE16\ACEODBC.DLL
0x75f10000 - 0x75fbf000 	C:\Windows\System32\COMDLG32.dll
0x69ba0000 - 0x69c2d000 	C:\Windows\WinSxS\x86_microsoft.windows.common-controls_6595b64144ccf1df_5.82.19041.3570_none_c0ddcb7e38bd1f11\COMCTL32.dll
0x744e0000 - 0x744ee000 	C:\Program Files (x86)\Common Files\Microsoft Shared\OFFICE16\1033\ACEODBCI.DLL
0x73cb0000 - 0x73cbc000 	C:\Program Files (x86)\Common Files\Microsoft Shared\OFFICE16\ACEERR.DLL
0x695d0000 - 0x69b92000 	C:\Windows\SYSTEM32\D3D10Warp.dll
0x679f0000 - 0x68807000 	C:\Windows\System32\DriverStore\FileRepository\iigd_dch.inf_amd64_4de65d949492707a\igd10iumd32.dll
0x0cff0000 - 0x0d011000 	C:\Windows\SYSTEM32\ncrypt.dll
0x695a0000 - 0x695c8000 	C:\Windows\SYSTEM32\NTASN1.dll
0x69560000 - 0x69592000 	C:\Windows\System32\netprofm.dll
0x73ca0000 - 0x73caa000 	C:\Windows\System32\npmproxy.dll
0x69470000 - 0x6955f000 	C:\Windows\SYSTEM32\webservices.dll
0x0cda0000 - 0x0cdaa000 	C:\Windows\SYSTEM32\Secur32.dll
0x76cb0000 - 0x76cb7000 	C:\Windows\System32\Normaliz.dll
0x75ae0000 - 0x75baa000 	C:\Windows\SYSTEM32\WINHTTP.dll
0x75bb0000 - 0x75be2000 	C:\Windows\SYSTEM32\IPHLPAPI.DLL

VM Arguments:
java_command: stock

Environment Variables:
PATH=d:\Java\jdk1.5.0\bin
USERNAME=Admin
OS=Windows_NT
PROCESSOR_IDENTIFIER=Intel64 Family 6 Model 142 Stepping 9, GenuineIntel


---------------  S Y S T E M  ---------------

OS: Windows NT 6.2 Build 9200 

CPU:total 4 family 6, cmov, cx8, fxsr, mmx, sse, sse2, ht

Memory: 4k page, physical 2097151k(2097151k free), swap 4194303k(3942180k free)

vm_info: Java HotSpot(TM) Client VM (1.5.0-b64) for windows-x86, built on Sep 15 2004 03:00:31 by "java_re" with MS VC++ 6.0

